<?xml version="1.0" encoding="UTF-8"?>
<!-- Generated by org.testng.reporters.JUnitReportReporter -->
<testsuite hostname="DESKTOP-03C0N88" failures="0" tests="2" name="testmethods.BirthdayTest" time="3.920" errors="0" timestamp="2022-01-26T14:07:40 IST" skipped="1">
  <testcase classname="testmethods.BirthdayTest" name="facebook" time="3.920"/>
  <system-out/>
  <testcase classname="testmethods.BirthdayTest" name="bookingLogin">
    <skipped/>
  </testcase> <!-- bookingLogin -->
  <system-out/>
</testsuite> <!-- testmethods.BirthdayTest -->
