<?xml version="1.0" encoding="UTF-8"?>
<!-- Generated by org.testng.reporters.JUnitReportReporter -->
<testsuite hostname="DESKTOP-03C0N88" failures="0" tests="1" name="testMethods.BirthdayTest" time="0.000" errors="0" timestamp="2022-01-18T11:39:23 IST" skipped="1">
  <testcase classname="testMethods.BirthdayTest" name="bookingLogin" time="0.000">
    <skipped/>
  </testcase> <!-- bookingLogin -->
  <system-out/>
</testsuite> <!-- testMethods.BirthdayTest -->
