<?xml version="1.0" encoding="UTF-8"?>
<!-- Generated by org.testng.reporters.JUnitReportReporter -->
<testsuite hostname="DESKTOP-03C0N88" failures="0" tests="2" name="testmethods.BirthdayTest" time="11.634" errors="0" timestamp="2022-01-26T11:20:45 IST" skipped="0">
  <testcase classname="testmethods.BirthdayTest" name="facebook" time="3.440"/>
  <system-out/>
  <testcase classname="testmethods.BirthdayTest" name="bookingLogin" time="8.194"/>
  <system-out/>
</testsuite> <!-- testmethods.BirthdayTest -->
