<?xml version="1.0" encoding="UTF-8"?>
<!-- Generated by org.testng.reporters.JUnitReportReporter -->
<testsuite hostname="DESKTOP-03C0N88" failures="0" tests="2" name="testMethods.BirthdayTest" time="4.978" errors="0" timestamp="2022-01-25T09:45:09 IST" skipped="1">
  <testcase classname="testMethods.BirthdayTest" name="facebook" time="4.978"/>
  <system-out/>
  <testcase classname="testMethods.BirthdayTest" name="bookingLogin">
    <skipped/>
  </testcase> <!-- bookingLogin -->
  <system-out/>
</testsuite> <!-- testMethods.BirthdayTest -->
